[[1;34mINFO[m] Scanning for projects...
[[1;34mINFO[m] 
[[1;34mINFO[m] [1m--------------------------< [0;36mcom.cscm:backend[0;1m >--------------------------[m
[[1;34mINFO[m] [1mBuilding CSCM Backend 1.0.0[m
[[1;34mINFO[m] [1m--------------------------------[ jar ]---------------------------------[m
[[1;34mINFO[m] 
[[1;34mINFO[m] [1m>>> [0;32mspring-boot-maven-plugin:3.2.3:run[m [1m(default-cli)[0;1m > [0;1mtest-compile[m @ [36mbackend[0;1m >>>[m
[[1;34mINFO[m] 
[[1;34mINFO[m] [1m--- [0;32mmaven-resources-plugin:3.3.1:resources[m [1m(default-resources)[m @ [36mbackend[0;1m ---[m
[[1;34mINFO[m] Copying 1 resource from src/main/resources to target/classes
[[1;34mINFO[m] Copying 3 resources from src/main/resources to target/classes
[[1;34mINFO[m] 
[[1;34mINFO[m] [1m--- [0;32mmaven-compiler-plugin:3.11.0:compile[m [1m(default-compile)[m @ [36mbackend[0;1m ---[m
[[1;34mINFO[m] Nothing to compile - all classes are up to date
[[1;34mINFO[m] 
[[1;34mINFO[m] [1m--- [0;32mmaven-resources-plugin:3.3.1:testResources[m [1m(default-testResources)[m @ [36mbackend[0;1m ---[m
[[1;34mINFO[m] skip non existing resourceDirectory /home/bala/CSCM_PROJECT/backend/src/test/resources
[[1;34mINFO[m] 
[[1;34mINFO[m] [1m--- [0;32mmaven-compiler-plugin:3.11.0:testCompile[m [1m(default-testCompile)[m @ [36mbackend[0;1m ---[m
[[1;34mINFO[m] Nothing to compile - all classes are up to date
[[1;34mINFO[m] 
[[1;34mINFO[m] [1m<<< [0;32mspring-boot-maven-plugin:3.2.3:run[m [1m(default-cli)[0;1m < [0;1mtest-compile[m @ [36mbackend[0;1m <<<[m
[[1;34mINFO[m] 
[[1;34mINFO[m] 
[[1;34mINFO[m] [1m--- [0;32mspring-boot-maven-plugin:3.2.3:run[m [1m(default-cli)[m @ [36mbackend[0;1m ---[m
[[1;34mINFO[m] Attaching agents: []

  .   ____          _            __ _ _
 /\\ / ___'_ __ _ _(_)_ __  __ _ \ \ \ \
( ( )\___ | '_ | '_| | '_ \/ _` | \ \ \ \
 \\/  ___)| |_)| | | | | || (_| |  ) ) ) )
  '  |____| .__|_| |_|_| |_\__, | / / / /
 =========|_|==============|___/=/_/_/_/
[32m :: Spring Boot :: [39m              [2m (v3.2.3)[0;39m

[2m2026-03-03T12:51:21.358+01:00[0;39m [32m INFO[0;39m [35m118167[0;39m [2m---[0;39m [2m[cscm-backend] [  restartedMain][0;39m [2m[0;39m[36mc.cscm.backend.CscmBackendApplication   [0;39m [2m:[0;39m Starting CscmBackendApplication using Java 23 with PID 118167 (/home/bala/CSCM_PROJECT/backend/target/classes started by bala in /home/bala/CSCM_PROJECT/backend)
[2m2026-03-03T12:51:21.360+01:00[0;39m [32mDEBUG[0;39m [35m118167[0;39m [2m---[0;39m [2m[cscm-backend] [  restartedMain][0;39m [2m[0;39m[36mc.cscm.backend.CscmBackendApplication   [0;39m [2m:[0;39m Running with Spring Boot v3.2.3, Spring v6.1.4
[2m2026-03-03T12:51:21.361+01:00[0;39m [32m INFO[0;39m [35m118167[0;39m [2m---[0;39m [2m[cscm-backend] [  restartedMain][0;39m [2m[0;39m[36mc.cscm.backend.CscmBackendApplication   [0;39m [2m:[0;39m No active profile set, falling back to 1 default profile: "default"
[2m2026-03-03T12:51:21.406+01:00[0;39m [32m INFO[0;39m [35m118167[0;39m [2m---[0;39m [2m[cscm-backend] [  restartedMain][0;39m [2m[0;39m[36m.e.DevToolsPropertyDefaultsPostProcessor[0;39m [2m:[0;39m Devtools property defaults active! Set 'spring.devtools.add-properties' to 'false' to disable
[2m2026-03-03T12:51:21.406+01:00[0;39m [32m INFO[0;39m [35m118167[0;39m [2m---[0;39m [2m[cscm-backend] [  restartedMain][0;39m [2m[0;39m[36m.e.DevToolsPropertyDefaultsPostProcessor[0;39m [2m:[0;39m For additional web related logging consider setting the 'logging.level.web' property to 'DEBUG'
[2m2026-03-03T12:51:22.588+01:00[0;39m [32m INFO[0;39m [35m118167[0;39m [2m---[0;39m [2m[cscm-backend] [  restartedMain][0;39m [2m[0;39m[36m.s.d.r.c.RepositoryConfigurationDelegate[0;39m [2m:[0;39m Bootstrapping Spring Data JPA repositories in DEFAULT mode.
[2m2026-03-03T12:51:22.659+01:00[0;39m [32m INFO[0;39m [35m118167[0;39m [2m---[0;39m [2m[cscm-backend] [  restartedMain][0;39m [2m[0;39m[36m.s.d.r.c.RepositoryConfigurationDelegate[0;39m [2m:[0;39m Finished Spring Data repository scanning in 66 ms. Found 17 JPA repository interfaces.
[2m2026-03-03T12:51:23.409+01:00[0;39m [32m INFO[0;39m [35m118167[0;39m [2m---[0;39m [2m[cscm-backend] [  restartedMain][0;39m [2m[0;39m[36mo.s.b.w.embedded.tomcat.TomcatWebServer [0;39m [2m:[0;39m Tomcat initialized with port 8080 (http)
[2m2026-03-03T12:51:23.419+01:00[0;39m [32m INFO[0;39m [35m118167[0;39m [2m---[0;39m [2m[cscm-backend] [  restartedMain][0;39m [2m[0;39m[36mo.apache.catalina.core.StandardService  [0;39m [2m:[0;39m Starting service [Tomcat]
[2m2026-03-03T12:51:23.420+01:00[0;39m [32m INFO[0;39m [35m118167[0;39m [2m---[0;39m [2m[cscm-backend] [  restartedMain][0;39m [2m[0;39m[36mo.apache.catalina.core.StandardEngine   [0;39m [2m:[0;39m Starting Servlet engine: [Apache Tomcat/10.1.19]
[2m2026-03-03T12:51:23.469+01:00[0;39m [32m INFO[0;39m [35m118167[0;39m [2m---[0;39m [2m[cscm-backend] [  restartedMain][0;39m [2m[0;39m[36mo.a.c.c.C.[Tomcat].[localhost].[/api]   [0;39m [2m:[0;39m Initializing Spring embedded WebApplicationContext
[2m2026-03-03T12:51:23.470+01:00[0;39m [32m INFO[0;39m [35m118167[0;39m [2m---[0;39m [2m[cscm-backend] [  restartedMain][0;39m [2m[0;39m[36mw.s.c.ServletWebServerApplicationContext[0;39m [2m:[0;39m Root WebApplicationContext: initialization completed in 2062 ms
[2m2026-03-03T12:51:24.036+01:00[0;39m [32m INFO[0;39m [35m118167[0;39m [2m---[0;39m [2m[cscm-backend] [  restartedMain][0;39m [2m[0;39m[36mcom.zaxxer.hikari.HikariDataSource      [0;39m [2m:[0;39m HikariPool-1 - Starting...
[2m2026-03-03T12:51:24.516+01:00[0;39m [32m INFO[0;39m [35m118167[0;39m [2m---[0;39m [2m[cscm-backend] [  restartedMain][0;39m [2m[0;39m[36mcom.zaxxer.hikari.pool.HikariPool       [0;39m [2m:[0;39m HikariPool-1 - Added connection org.postgresql.jdbc.PgConnection@4f69b31b
[2m2026-03-03T12:51:24.517+01:00[0;39m [32m INFO[0;39m [35m118167[0;39m [2m---[0;39m [2m[cscm-backend] [  restartedMain][0;39m [2m[0;39m[36mcom.zaxxer.hikari.HikariDataSource      [0;39m [2m:[0;39m HikariPool-1 - Start completed.
[2m2026-03-03T12:51:24.587+01:00[0;39m [32m INFO[0;39m [35m118167[0;39m [2m---[0;39m [2m[cscm-backend] [  restartedMain][0;39m [2m[0;39m[36mo.f.c.internal.license.VersionPrinter   [0;39m [2m:[0;39m Flyway Community Edition 9.22.3 by Redgate
[2m2026-03-03T12:51:24.587+01:00[0;39m [32m INFO[0;39m [35m118167[0;39m [2m---[0;39m [2m[cscm-backend] [  restartedMain][0;39m [2m[0;39m[36mo.f.c.internal.license.VersionPrinter   [0;39m [2m:[0;39m See release notes here: https://rd.gt/416ObMi
[2m2026-03-03T12:51:24.588+01:00[0;39m [32m INFO[0;39m [35m118167[0;39m [2m---[0;39m [2m[cscm-backend] [  restartedMain][0;39m [2m[0;39m[36mo.f.c.internal.license.VersionPrinter   [0;39m [2m:[0;39m 
[2m2026-03-03T12:51:24.597+01:00[0;39m [32m INFO[0;39m [35m118167[0;39m [2m---[0;39m [2m[cscm-backend] [  restartedMain][0;39m [2m[0;39m[36morg.flywaydb.core.FlywayExecutor        [0;39m [2m:[0;39m Database: jdbc:postgresql://localhost:5432/cscm_db (PostgreSQL 15.5)
[2m2026-03-03T12:51:24.628+01:00[0;39m [32m INFO[0;39m [35m118167[0;39m [2m---[0;39m [2m[cscm-backend] [  restartedMain][0;39m [2m[0;39m[36mo.f.core.internal.command.DbValidate    [0;39m [2m:[0;39m Successfully validated 3 migrations (execution time 00:00.019s)
[2m2026-03-03T12:51:24.666+01:00[0;39m [32m INFO[0;39m [35m118167[0;39m [2m---[0;39m [2m[cscm-backend] [  restartedMain][0;39m [2m[0;39m[36mo.f.core.internal.command.DbMigrate     [0;39m [2m:[0;39m Current version of schema "public": 3
[2m2026-03-03T12:51:24.668+01:00[0;39m [32m INFO[0;39m [35m118167[0;39m [2m---[0;39m [2m[cscm-backend] [  restartedMain][0;39m [2m[0;39m[36mo.f.core.internal.command.DbMigrate     [0;39m [2m:[0;39m Schema "public" is up to date. No migration necessary.
[2m2026-03-03T12:51:24.790+01:00[0;39m [32m INFO[0;39m [35m118167[0;39m [2m---[0;39m [2m[cscm-backend] [  restartedMain][0;39m [2m[0;39m[36mo.hibernate.jpa.internal.util.LogHelper [0;39m [2m:[0;39m HHH000204: Processing PersistenceUnitInfo [name: default]
[2m2026-03-03T12:51:24.873+01:00[0;39m [32m INFO[0;39m [35m118167[0;39m [2m---[0;39m [2m[cscm-backend] [  restartedMain][0;39m [2m[0;39m[36morg.hibernate.Version                   [0;39m [2m:[0;39m HHH000412: Hibernate ORM core version 6.4.4.Final
[2m2026-03-03T12:51:24.910+01:00[0;39m [32m INFO[0;39m [35m118167[0;39m [2m---[0;39m [2m[cscm-backend] [  restartedMain][0;39m [2m[0;39m[36mo.h.c.internal.RegionFactoryInitiator   [0;39m [2m:[0;39m HHH000026: Second-level cache disabled
[2m2026-03-03T12:51:25.064+01:00[0;39m [32m INFO[0;39m [35m118167[0;39m [2m---[0;39m [2m[cscm-backend] [  restartedMain][0;39m [2m[0;39m[36mo.s.o.j.p.SpringPersistenceUnitInfo     [0;39m [2m:[0;39m No LoadTimeWeaver setup: ignoring JPA class transformer
[2m2026-03-03T12:51:25.109+01:00[0;39m [33m WARN[0;39m [35m118167[0;39m [2m---[0;39m [2m[cscm-backend] [  restartedMain][0;39m [2m[0;39m[36morg.hibernate.orm.deprecation           [0;39m [2m:[0;39m HHH90000025: PostgreSQLDialect does not need to be specified explicitly using 'hibernate.dialect' (remove the property setting and it will be selected by default)
[2m2026-03-03T12:51:26.954+01:00[0;39m [32m INFO[0;39m [35m118167[0;39m [2m---[0;39m [2m[cscm-backend] [  restartedMain][0;39m [2m[0;39m[36mo.h.e.t.j.p.i.JtaPlatformInitiator      [0;39m [2m:[0;39m HHH000489: No JTA platform available (set 'hibernate.transaction.jta.platform' to enable JTA platform integration)
[2m2026-03-03T12:51:27.040+01:00[0;39m [32m INFO[0;39m [35m118167[0;39m [2m---[0;39m [2m[cscm-backend] [  restartedMain][0;39m [2m[0;39m[36mj.LocalContainerEntityManagerFactoryBean[0;39m [2m:[0;39m Initialized JPA EntityManagerFactory for persistence unit 'default'
[2m2026-03-03T12:51:27.688+01:00[0;39m [32mDEBUG[0;39m [35m118167[0;39m [2m---[0;39m [2m[cscm-backend] [  restartedMain][0;39m [2m[0;39m[36mc.cscm.backend.security.JwtAuthFilter   [0;39m [2m:[0;39m Filter 'jwtAuthFilter' configured for use
[2m2026-03-03T12:51:27.805+01:00[0;39m [32m INFO[0;39m [35m118167[0;39m [2m---[0;39m [2m[cscm-backend] [  restartedMain][0;39m [2m[0;39m[36mo.s.d.j.r.query.QueryEnhancerFactory    [0;39m [2m:[0;39m Hibernate is in classpath; If applicable, HQL parser will be used.
[2m2026-03-03T12:51:29.362+01:00[0;39m [33m WARN[0;39m [35m118167[0;39m [2m---[0;39m [2m[cscm-backend] [  restartedMain][0;39m [2m[0;39m[36mJpaBaseConfiguration$JpaWebConfiguration[0;39m [2m:[0;39m spring.jpa.open-in-view is enabled by default. Therefore, database queries may be performed during view rendering. Explicitly configure spring.jpa.open-in-view to disable this warning
[2m2026-03-03T12:51:30.297+01:00[0;39m [32m INFO[0;39m [35m118167[0;39m [2m---[0;39m [2m[cscm-backend] [  restartedMain][0;39m [2m[0;39m[36mo.s.b.a.e.web.EndpointLinksResolver     [0;39m [2m:[0;39m Exposing 3 endpoint(s) beneath base path '/actuator'
[2m2026-03-03T12:51:30.393+01:00[0;39m [32m INFO[0;39m [35m118167[0;39m [2m---[0;39m [2m[cscm-backend] [  restartedMain][0;39m [2m[0;39m[36mo.s.s.web.DefaultSecurityFilterChain    [0;39m [2m:[0;39m Will secure any request with [org.springframework.security.web.session.DisableEncodeUrlFilter@600a421, org.springframework.security.web.context.request.async.WebAsyncManagerIntegrationFilter@13dffc6d, org.springframework.security.web.context.SecurityContextHolderFilter@7cb621df, org.springframework.security.web.header.HeaderWriterFilter@3943851f, org.springframework.web.filter.CorsFilter@1f2e79a5, org.springframework.security.web.authentication.logout.LogoutFilter@295edeee, com.cscm.backend.security.JwtAuthFilter@76c92056, org.springframework.security.web.savedrequest.RequestCacheAwareFilter@502abf8a, org.springframework.security.web.servletapi.SecurityContextHolderAwareRequestFilter@7685e3d7, org.springframework.security.web.authentication.AnonymousAuthenticationFilter@13b3766, org.springframework.security.web.session.SessionManagementFilter@6b657488, org.springframework.security.web.access.ExceptionTranslationFilter@3fb03e3e, org.springframework.security.web.access.intercept.AuthorizationFilter@117de7f9]
[2m2026-03-03T12:51:31.180+01:00[0;39m [33m WARN[0;39m [35m118167[0;39m [2m---[0;39m [2m[cscm-backend] [  restartedMain][0;39m [2m[0;39m[36mo.s.b.d.a.OptionalLiveReloadServer      [0;39m [2m:[0;39m Unable to start LiveReload server
[2m2026-03-03T12:51:31.261+01:00[0;39m [32m INFO[0;39m [35m118167[0;39m [2m---[0;39m [2m[cscm-backend] [  restartedMain][0;39m [2m[0;39m[36mo.s.b.w.embedded.tomcat.TomcatWebServer [0;39m [2m:[0;39m Tomcat started on port 8080 (http) with context path '/api'
[2m2026-03-03T12:51:31.281+01:00[0;39m [32m INFO[0;39m [35m118167[0;39m [2m---[0;39m [2m[cscm-backend] [  restartedMain][0;39m [2m[0;39m[36mc.cscm.backend.CscmBackendApplication   [0;39m [2m:[0;39m Started CscmBackendApplication in 10.433 seconds (process running for 10.836)
[2m2026-03-03T12:51:49.734+01:00[0;39m [32m INFO[0;39m [35m118167[0;39m [2m---[0;39m [2m[cscm-backend] [nio-8080-exec-2][0;39m [2m[0;39m[36mo.a.c.c.C.[Tomcat].[localhost].[/api]   [0;39m [2m:[0;39m Initializing Spring DispatcherServlet 'dispatcherServlet'
[2m2026-03-03T12:51:49.734+01:00[0;39m [32m INFO[0;39m [35m118167[0;39m [2m---[0;39m [2m[cscm-backend] [nio-8080-exec-2][0;39m [2m[0;39m[36mo.s.web.servlet.DispatcherServlet       [0;39m [2m:[0;39m Initializing Servlet 'dispatcherServlet'
[2m2026-03-03T12:51:49.742+01:00[0;39m [32m INFO[0;39m [35m118167[0;39m [2m---[0;39m [2m[cscm-backend] [nio-8080-exec-2][0;39m [2m[0;39m[36mo.s.web.servlet.DispatcherServlet       [0;39m [2m:[0;39m Completed initialization in 7 ms
[2m2026-03-03T12:51:51.814+01:00[0;39m [32m INFO[0;39m [35m118167[0;39m [2m---[0;39m [2m[cscm-backend] [nio-8080-exec-5][0;39m [2m[0;39m[36mcom.cscm.backend.service.AuthService    [0;39m [2m:[0;39m Nouveau médecin inscrit: dr.martin.1772538711@hopital.cm | Spécialité: Cardiologie
[2m2026-03-03T12:52:40.977+01:00[0;39m [32m INFO[0;39m [35m118167[0;39m [2m---[0;39m [2m[cscm-backend] [nio-8080-exec-3][0;39m [2m[0;39m[36mcom.cscm.backend.service.AuthService    [0;39m [2m:[0;39m Nouveau médecin inscrit: dr.martin.1772538760@hopital.cm | Spécialité: Cardiologie
[2m2026-03-03T12:52:42.413+01:00[0;39m [32mDEBUG[0;39m [35m118167[0;39m [2m---[0;39m [2m[cscm-backend] [nio-8080-exec-1][0;39m [2m[0;39m[36mcom.cscm.backend.aspect.AuditAspect     [0;39m [2m:[0;39m Audit record created for user: admin@cscm.app action: PUT /api/medecins/d504a6e5-7728-45e1-bd90-d18c2ce08413/valider
[2m2026-03-03T12:52:42.621+01:00[0;39m [32mDEBUG[0;39m [35m118167[0;39m [2m---[0;39m [2m[cscm-backend] [nio-8080-exec-3][0;39m [2m[0;39m[36mcom.cscm.backend.aspect.AuditAspect     [0;39m [2m:[0;39m Audit record created for user: admin@cscm.app action: PUT /api/medecins/d504a6e5-7728-45e1-bd90-d18c2ce08413/rejeter
[2m2026-03-03T12:52:42.937+01:00[0;39m [32mDEBUG[0;39m [35m118167[0;39m [2m---[0;39m [2m[cscm-backend] [nio-8080-exec-5][0;39m [2m[0;39m[36mcom.cscm.backend.aspect.AuditAspect     [0;39m [2m:[0;39m Audit record created for user: admin@cscm.app action: PUT /api/medecins/d504a6e5-7728-45e1-bd90-d18c2ce08413/suspendre
[2m2026-03-03T12:52:43.168+01:00[0;39m [32mDEBUG[0;39m [35m118167[0;39m [2m---[0;39m [2m[cscm-backend] [nio-8080-exec-9][0;39m [2m[0;39m[36mcom.cscm.backend.aspect.AuditAspect     [0;39m [2m:[0;39m Audit record created for user: admin@cscm.app action: PUT /api/admin/users/780798d7-f447-4290-9bfd-b612d5e3bf2b/activer
[2m2026-03-03T12:52:43.753+01:00[0;39m [32m INFO[0;39m [35m118167[0;39m [2m---[0;39m [2m[cscm-backend] [nio-8080-exec-1][0;39m [2m[0;39m[36mcom.cscm.backend.service.AuthService    [0;39m [2m:[0;39m Nouveau patient inscrit: jean.dupont.1772538760@patient.cm | Carnet: CM-2026-026115
[2m2026-03-03T12:52:44.511+01:00[0;39m [33m WARN[0;39m [35m118167[0;39m [2m---[0;39m [2m[cscm-backend] [nio-8080-exec-6][0;39m [2m[0;39m[36mo.h.engine.jdbc.spi.SqlExceptionHelper  [0;39m [2m:[0;39m SQL Error: 0, SQLState: 22001
[2m2026-03-03T12:52:44.512+01:00[0;39m [31mERROR[0;39m [35m118167[0;39m [2m---[0;39m [2m[cscm-backend] [nio-8080-exec-6][0;39m [2m[0;39m[36mo.h.engine.jdbc.spi.SqlExceptionHelper  [0;39m [2m:[0;39m ERROR: value too long for type character varying(100)
[2m2026-03-03T12:52:44.530+01:00[0;39m [31mERROR[0;39m [35m118167[0;39m [2m---[0;39m [2m[cscm-backend] [nio-8080-exec-6][0;39m [2m[0;39m[36mcom.cscm.backend.aspect.AuditAspect     [0;39m [2m:[0;39m Failed to save audit log: could not execute statement [ERROR: value too long for type character varying(100)] [insert into audit_logs (action,ancien_valeur,created_at,description,entite_id,entite_type,ip_address,nouvelle_valeur,user_agent,user_email,user_id,user_role) values (?,?,?,?,?,?,?,?,?,?,?,?)]; SQL [insert into audit_logs (action,ancien_valeur,created_at,description,entite_id,entite_type,ip_address,nouvelle_valeur,user_agent,user_email,user_id,user_role) values (?,?,?,?,?,?,?,?,?,?,?,?)]
[2m2026-03-03T12:52:44.939+01:00[0;39m [32mDEBUG[0;39m [35m118167[0;39m [2m---[0;39m [2m[cscm-backend] [nio-8080-exec-8][0;39m [2m[0;39m[36mcom.cscm.backend.aspect.AuditAspect     [0;39m [2m:[0;39m Audit record created for user: dr.martin.1772538760@hopital.cm action: POST /api/consultations/carnet/23468b7b-96ba-4cf0-8b9b-d879f8c98b58
[2m2026-03-03T12:52:45.291+01:00[0;39m [32mDEBUG[0;39m [35m118167[0;39m [2m---[0;39m [2m[cscm-backend] [io-8080-exec-10][0;39m [2m[0;39m[36mcom.cscm.backend.aspect.AuditAspect     [0;39m [2m:[0;39m Audit record created for user: dr.martin.1772538760@hopital.cm action: POST /api/allergies/carnet/23468b7b-96ba-4cf0-8b9b-d879f8c98b58
[2m2026-03-03T12:52:45.552+01:00[0;39m [32mDEBUG[0;39m [35m118167[0;39m [2m---[0;39m [2m[cscm-backend] [nio-8080-exec-2][0;39m [2m[0;39m[36mcom.cscm.backend.aspect.AuditAspect     [0;39m [2m:[0;39m Audit record created for user: dr.martin.1772538760@hopital.cm action: POST /api/ordonnances/carnet/23468b7b-96ba-4cf0-8b9b-d879f8c98b58
[2m2026-03-03T12:52:46.586+01:00[0;39m [32mDEBUG[0;39m [35m118167[0;39m [2m---[0;39m [2m[cscm-backend] [nio-8080-exec-2][0;39m [2m[0;39m[36mcom.cscm.backend.aspect.AuditAspect     [0;39m [2m:[0;39m Audit record created for user: jean.dupont.1772538760@patient.cm action: DELETE /api/approbations/bfa6c190-a678-4587-9a20-106ba36dc177
[2m2026-03-03T12:52:46.787+01:00[0;39m [33m WARN[0;39m [35m118167[0;39m [2m---[0;39m [2m[cscm-backend] [nio-8080-exec-4][0;39m [2m[0;39m[36mc.c.b.exception.GlobalExceptionHandler  [0;39m [2m:[0;39m Erreur métier: Accès refusé : le patient n'a pas autorisé ce médecin à éditer son carnet
[2m2026-03-03T12:52:46.791+01:00[0;39m [33m WARN[0;39m [35m118167[0;39m [2m---[0;39m [2m[cscm-backend] [nio-8080-exec-4][0;39m [2m[0;39m[36m.m.m.a.ExceptionHandlerExceptionResolver[0;39m [2m:[0;39m Resolved [com.cscm.backend.exception.BusinessException: Accès refusé : le patient n'a pas autorisé ce médecin à éditer son carnet]
[2m2026-03-03T12:54:04.269+01:00[0;39m [32m INFO[0;39m [35m118167[0;39m [2m---[0;39m [2m[cscm-backend] [nio-8080-exec-1][0;39m [2m[0;39m[36mcom.cscm.backend.service.AuthService    [0;39m [2m:[0;39m Nouveau médecin inscrit: dr.martin.1772538843@hopital.cm | Spécialité: Cardiologie
[2m2026-03-03T12:54:05.102+01:00[0;39m [32mDEBUG[0;39m [35m118167[0;39m [2m---[0;39m [2m[cscm-backend] [nio-8080-exec-9][0;39m [2m[0;39m[36mcom.cscm.backend.aspect.AuditAspect     [0;39m [2m:[0;39m Audit record created for user: admin@cscm.app action: PUT /api/medecins/dee211ce-3948-4c4b-8465-c8db1d8ec1f4/valider
[2m2026-03-03T12:54:05.305+01:00[0;39m [32mDEBUG[0;39m [35m118167[0;39m [2m---[0;39m [2m[cscm-backend] [nio-8080-exec-1][0;39m [2m[0;39m[36mcom.cscm.backend.aspect.AuditAspect     [0;39m [2m:[0;39m Audit record created for user: admin@cscm.app action: PUT /api/medecins/dee211ce-3948-4c4b-8465-c8db1d8ec1f4/rejeter
[2m2026-03-03T12:54:05.599+01:00[0;39m [32mDEBUG[0;39m [35m118167[0;39m [2m---[0;39m [2m[cscm-backend] [nio-8080-exec-3][0;39m [2m[0;39m[36mcom.cscm.backend.aspect.AuditAspect     [0;39m [2m:[0;39m Audit record created for user: admin@cscm.app action: PUT /api/medecins/dee211ce-3948-4c4b-8465-c8db1d8ec1f4/suspendre
[2m2026-03-03T12:54:05.692+01:00[0;39m [32mDEBUG[0;39m [35m118167[0;39m [2m---[0;39m [2m[cscm-backend] [nio-8080-exec-7][0;39m [2m[0;39m[36mcom.cscm.backend.aspect.AuditAspect     [0;39m [2m:[0;39m Audit record created for user: admin@cscm.app action: PUT /api/admin/users/2796dcbe-f809-416d-a4a7-ebcab6637559/activer
[2m2026-03-03T12:54:06.077+01:00[0;39m [32m INFO[0;39m [35m118167[0;39m [2m---[0;39m [2m[cscm-backend] [io-8080-exec-10][0;39m [2m[0;39m[36mcom.cscm.backend.service.AuthService    [0;39m [2m:[0;39m Nouveau patient inscrit: jean.dupont.1772538843@patient.cm | Carnet: CM-2026-157640
[2m2026-03-03T12:54:07.031+01:00[0;39m [33m WARN[0;39m [35m118167[0;39m [2m---[0;39m [2m[cscm-backend] [nio-8080-exec-5][0;39m [2m[0;39m[36mo.h.engine.jdbc.spi.SqlExceptionHelper  [0;39m [2m:[0;39m SQL Error: 0, SQLState: 22001
[2m2026-03-03T12:54:07.031+01:00[0;39m [31mERROR[0;39m [35m118167[0;39m [2m---[0;39m [2m[cscm-backend] [nio-8080-exec-5][0;39m [2m[0;39m[36mo.h.engine.jdbc.spi.SqlExceptionHelper  [0;39m [2m:[0;39m ERROR: value too long for type character varying(100)
[2m2026-03-03T12:54:07.033+01:00[0;39m [31mERROR[0;39m [35m118167[0;39m [2m---[0;39m [2m[cscm-backend] [nio-8080-exec-5][0;39m [2m[0;39m[36mcom.cscm.backend.aspect.AuditAspect     [0;39m [2m:[0;39m Failed to save audit log: could not execute statement [ERROR: value too long for type character varying(100)] [insert into audit_logs (action,ancien_valeur,created_at,description,entite_id,entite_type,ip_address,nouvelle_valeur,user_agent,user_email,user_id,user_role) values (?,?,?,?,?,?,?,?,?,?,?,?)]; SQL [insert into audit_logs (action,ancien_valeur,created_at,description,entite_id,entite_type,ip_address,nouvelle_valeur,user_agent,user_email,user_id,user_role) values (?,?,?,?,?,?,?,?,?,?,?,?)]
[2m2026-03-03T12:54:07.369+01:00[0;39m [32mDEBUG[0;39m [35m118167[0;39m [2m---[0;39m [2m[cscm-backend] [nio-8080-exec-6][0;39m [2m[0;39m[36mcom.cscm.backend.aspect.AuditAspect     [0;39m [2m:[0;39m Audit record created for user: dr.martin.1772538843@hopital.cm action: POST /api/consultations/carnet/963c8996-5d4d-47eb-947b-3249eb4a7f23
[2m2026-03-03T12:54:07.705+01:00[0;39m [32mDEBUG[0;39m [35m118167[0;39m [2m---[0;39m [2m[cscm-backend] [nio-8080-exec-8][0;39m [2m[0;39m[36mcom.cscm.backend.aspect.AuditAspect     [0;39m [2m:[0;39m Audit record created for user: dr.martin.1772538843@hopital.cm action: POST /api/allergies/carnet/963c8996-5d4d-47eb-947b-3249eb4a7f23
[2m2026-03-03T12:54:07.943+01:00[0;39m [32mDEBUG[0;39m [35m118167[0;39m [2m---[0;39m [2m[cscm-backend] [nio-8080-exec-9][0;39m [2m[0;39m[36mcom.cscm.backend.aspect.AuditAspect     [0;39m [2m:[0;39m Audit record created for user: dr.martin.1772538843@hopital.cm action: POST /api/ordonnances/carnet/963c8996-5d4d-47eb-947b-3249eb4a7f23
[2m2026-03-03T12:54:09.396+01:00[0;39m [32mDEBUG[0;39m [35m118167[0;39m [2m---[0;39m [2m[cscm-backend] [nio-8080-exec-9][0;39m [2m[0;39m[36mcom.cscm.backend.aspect.AuditAspect     [0;39m [2m:[0;39m Audit record created for user: jean.dupont.1772538843@patient.cm action: DELETE /api/approbations/f41ea2ad-e212-4468-adf9-57d65ae51fbb
[2m2026-03-03T12:54:09.568+01:00[0;39m [33m WARN[0;39m [35m118167[0;39m [2m---[0;39m [2m[cscm-backend] [nio-8080-exec-2][0;39m [2m[0;39m[36mc.c.b.exception.GlobalExceptionHandler  [0;39m [2m:[0;39m Erreur métier: Accès refusé : le patient n'a pas autorisé ce médecin à éditer son carnet
[2m2026-03-03T12:54:09.570+01:00[0;39m [33m WARN[0;39m [35m118167[0;39m [2m---[0;39m [2m[cscm-backend] [nio-8080-exec-2][0;39m [2m[0;39m[36m.m.m.a.ExceptionHandlerExceptionResolver[0;39m [2m:[0;39m Resolved [com.cscm.backend.exception.BusinessException: Accès refusé : le patient n'a pas autorisé ce médecin à éditer son carnet]
